1552908959531	mozrunner::runner	INFO	Running command: "D:\\Mozilla Firefox\\firefox.exe" "-marionette" "-foreground" "-no-remote" "-profile" "C:\\Users\\ADMINI~1\\AppData\\Local\\Temp\\rust_mozprofile.gHiH41NWno5L"
1552908960199	addons.webextension.screenshots@mozilla.org	WARN	Loading extension 'screenshots@mozilla.org': Reading manifest: Invalid host permission: resource://pdf.js/
1552908960199	addons.webextension.screenshots@mozilla.org	WARN	Loading extension 'screenshots@mozilla.org': Reading manifest: Invalid host permission: about:reader*
1552908962223	Marionette	INFO	Listening on port 62604
1552908962341	Marionette	WARN	TLS certificate errors will be ignored for this session
JavaScript error: https://ss1.bdstatic.com/5eN1bjq8AAUYm2zgoY3K/r/www/cache/static/protocol/https/plugins/every_cookie_4644b13.js, line 4: ReferenceError: c is not defined
JavaScript error: https://sp0.baidu.com/5a1Fazu8AA54nxGko9WTAnF6hhy/su?wd=p&json=1&p=3&sid=26523_1443_21107_18559_28558_28608_28584_28638_26350_28603_28627&req=2&csor=1&cb=jQuery1102064994456258058_1552908962916&_=1552908962918, line 1: TypeError: jQuery1102064994456258058_1552908962916 is not a function
JavaScript error: https://sp0.baidu.com/5a1Fazu8AA54nxGko9WTAnF6hhy/su?wd=pytho&json=1&p=3&sid=26523_1443_21107_18559_28558_28608_28584_28638_26350_28603_28627&req=2&csor=5&pwd=pyth&cb=jQuery1102064994456258058_1552908962916&_=1552908962922, line 1: TypeError: jQuery1102064994456258058_1552908962916 is not a function
JavaScript error: https://sp0.baidu.com/5a1Fazu8AA54nxGko9WTAnF6hhy/su?wd=python&json=1&p=3&sid=26523_1443_21107_18559_28558_28608_28584_28638_26350_28603_28627&req=2&csor=6&pwd=pytho&cb=jQuery1102064994456258058_1552908962916&_=1552908962923, line 1: TypeError: jQuery1102064994456258058_1552908962916 is not a function
JavaScript error: https://sp0.baidu.com/5a1Fazu8AA54nxGko9WTAnF6hhy/su?wd=pyth&json=1&p=3&sid=26523_1443_21107_18559_28558_28608_28584_28638_26350_28603_28627&req=2&csor=4&pwd=pyt&cb=jQuery1102064994456258058_1552908962916&_=1552908962921, line 1: TypeError: jQuery1102064994456258058_1552908962916 is not a function
1552908967082	Marionette	INFO	Stopped listening on port 62604
JavaScript error: https://ss1.bdstatic.com/5eN1bjq8AAUYm2zgoY3K/r/www/cache/static/protocol/https/jquery/jquery-1.10.2.min_65682a2.js, line 153: TypeError: r is undefined
JavaScript error: https://ss1.bdstatic.com/5eN1bjq8AAUYm2zgoY3K/r/www/cache/static/protocol/https/jquery/jquery-1.10.2.min_65682a2.js, line 153: TypeError: r is undefined
JavaScript error: resource://gre/modules/WebProgressChild.jsm, line 58: TypeError: this.mm.content is null
[Child 29196, Chrome_ChildThread] WARNING: pipe error: 109: file z:/build/build/src/ipc/chromium/src/chrome/common/ipc_channel_win.cc, line 332
[Child 29196, Chrome_Child
###!!! [Child][RunMessage] Error: Channel closing: too late to send/recv, messages will be lost

[GPU
###!!! [Child][MessageChannel::SendAndWait] Error: Channel error: cannot send/recv

1553500017109	mozrunner::runner	INFO	Running command: "D:\\Mozilla Firefox\\firefox.exe" "-marionette" "-foreground" "-no-remote" "-profile" "C:\\Users\\ADMINI~1\\AppData\\Local\\Temp\\rust_mozprofile.VGI5Nem2QYYO"
1553500017775	addons.webextension.screenshots@mozilla.org	WARN	Loading extension 'screenshots@mozilla.org': Reading manifest: Invalid host permission: resource://pdf.js/
1553500017775	addons.webextension.screenshots@mozilla.org	WARN	Loading extension 'screenshots@mozilla.org': Reading manifest: Invalid host permission: about:reader*
1553500019455	Marionette	INFO	Listening on port 53833
1553500019881	Marionette	WARN	TLS certificate errors will be ignored for this session
JavaScript error: https://ss1.bdstatic.com/5eN1bjq8AAUYm2zgoY3K/r/www/cache/static/protocol/https/plugins/every_cookie_4644b13.js, line 4: ReferenceError: c is not defined
JavaScript error: https://sp0.baidu.com/5a1Fazu8AA54nxGko9WTAnF6hhy/su?wd=py&json=1&p=3&sid=26524_1439_25810_21083_28723_28558_28697_28584_28519_28625_28606&req=2&csor=2&pwd=p&cb=jQuery1102042497477935533723_1553500020360&_=1553500020363, line 1: TypeError: jQuery1102042497477935533723_1553500020360 is not a function
JavaScript error: https://sp0.baidu.com/5a1Fazu8AA54nxGko9WTAnF6hhy/su?wd=p&json=1&p=3&sid=26524_1439_25810_21083_28723_28558_28697_28584_28519_28625_28606&req=2&csor=1&cb=jQuery1102042497477935533723_1553500020360&_=1553500020362, line 1: TypeError: jQuery1102042497477935533723_1553500020360 is not a function
JavaScript error: https://sp0.baidu.com/5a1Fazu8AA54nxGko9WTAnF6hhy/su?wd=pyth&json=1&p=3&sid=26524_1439_25810_21083_28723_28558_28697_28584_28519_28625_28606&req=2&csor=4&pwd=pyt&cb=jQuery1102042497477935533723_1553500020360&_=1553500020365, line 1: TypeError: jQuery1102042497477935533723_1553500020360 is not a function
JavaScript error: https://sp0.baidu.com/5a1Fazu8AA54nxGko9WTAnF6hhy/su?wd=pyt&json=1&p=3&sid=26524_1439_25810_21083_28723_28558_28697_28584_28519_28625_28606&req=2&csor=3&pwd=py&cb=jQuery1102042497477935533723_1553500020360&_=1553500020364, line 1: TypeError: jQuery1102042497477935533723_1553500020360 is not a function
JavaScript error: https://sp0.baidu.com/5a1Fazu8AA54nxGko9WTAnF6hhy/su?wd=pytho&json=1&p=3&sid=26524_1439_25810_21083_28723_28558_28697_28584_28519_28625_28606&req=2&csor=5&pwd=pyth&cb=jQuery1102042497477935533723_1553500020360&_=1553500020366, line 1: TypeError: jQuery1102042497477935533723_1553500020360 is not a function
JavaScript error: https://sp0.baidu.com/5a1Fazu8AA54nxGko9WTAnF6hhy/su?wd=python&json=1&p=3&sid=26524_1439_25810_21083_28723_28558_28697_28584_28519_28625_28606&req=2&csor=6&pwd=pytho&cb=jQuery1102042497477935533723_1553500020360&_=1553500020367, line 1: TypeError: jQuery1102042497477935533723_1553500020360 is not a function
1553500024727	Marionette	INFO	Stopped listening on port 53833
[Parent 10260, Gecko_IOThread] WARNING: pipe error: 109: file z:/build/build/src/ipc/chromium/src/chrome/common/ipc_channel_win.cc, line 332
[Child 5168, Chrome_ChildThread] WARNING: pipe error: 109: file z:/build/build/src/ipc/chromium/src/chrome/common/ip[Child 8620, Chrome_ChildThread] WARNING: pipe error: 109: file z:/build/cbuild/src/ipc/chromi_ucmh/asnrc/nel_win.cc, linec 332h
rome[/Ccomhilmon/ipc_channel_win.cc, line 332
[Child 8620, Chrome_ChildThread] WARNING: pipe error: 232: file z:/build/build/src/ipc/chromium/src/chrome/common/ipc_channel_win.cc, line 493
[Child 8620, Ch
###!!! [Child][RunMessage] Error: Channel closing: too late to send/recv, messages will be lost

rome_ChildThread] WARNING: pipe error: 109: file z:/build/build/src/ipc
###!!! [Child][RunMessage] Error: Channel closing: too late to send/recv, messages will be lost

/chromium/src/chrome/common/ipc_channel_win.cc, line 332

###!!! [Child][RunMessage] Error: Channel closing: too late to send/recv, messages will be lost

[GPU 10176
###!!! [Child][MessageChannel::SendAndWait] Error: Channel error: cannot send/recv

1553502088055	mozrunner::runner	INFO	Running command: "D:\\Mozilla Firefox\\firefox.exe" "-marionette" "-foreground" "-no-remote" "-profile" "C:\\Users\\ADMINI~1\\AppData\\Local\\Temp\\rust_mozprofile.bgBluhORq0UA"
1553502088874	addons.webextension.screenshots@mozilla.org	WARN	Loading extension 'screenshots@mozilla.org': Reading manifest: Invalid host permission: resource://pdf.js/
1553502088875	addons.webextension.screenshots@mozilla.org	WARN	Loading extension 'screenshots@mozilla.org': Reading manifest: Invalid host permission: about:reader*
1553502090719	Marionette	INFO	Listening on port 54200
1553502090808	Marionette	WARN	TLS certificate errors will be ignored for this session
console.error: BroadcastService: 
  receivedBroadcastMessage: handler for
  remote-settings/monitor_changes
  threw error:
  Message: Error: Polling for changes failed: NetworkError when attempting to fetch resource..
  Stack:
    remoteSettingsFunction/remoteSettings.pollChanges@resource://services-settings/remote-settings.js:188:13

[Child 10072, Chrome_ChildThread] WARNING: pipe error: 109: file z:/build/build/src/ipc/chromium/src/chrome/common/ipc_channel_win.cc, line 332
[Child 10072, Chrome_ChildThread] WARNING: pipe erIPDL protocol error: Handler returned error code!

###!!! [Parent][DispatchAsyncMessage] Error: PLayerTransaction::Msg_ReleaseLayer Processing error: message was deserialized, but the handler returned false (indicating failure)

IPDL protocol error: Handler returned error code!

###!!! [Parent][DispatchAsyncMessage] Error: PLayerTransaction::Msg_ReleaseLayer Processing error: message was deserialized, but the handler returned false (indicating failure)

IPDL protocol error: Handler returned error code!

###!!! [Parent][DispatchAsyncMessage] Error: PLayerTransaction::Msg_ReleaseLayer Processing error: message was deserialized, but the handler returned false (indicating failure)

IPDL protocol error: Handler returned error code!

###!!! [Parent][DispatchAsyncMessage] Error: PLayerTransaction::Msg_ReleaseLayer Processing error: message was deserialized, but the handler returned false (indicating failure)

IPDL protocol error: Handler returned error code!

###!!! [Parent][DispatchAsyncMessage] Error: PLayerTransaction::Msg_ReleaseLayer Processing error: message was deserialized, but the handler returned false (indicating failure)

[Child 7344, Chrome_ChildThread] WARNING: pipe error: 109: file z:/build/build/src/ipc/chromium/src/chrome/common/ipc_channel_win.cc, line 332
[Child 7344,[Child 9636, Chrome_ChildThread] WARNING: pipe error: 109: file z:/build/build/src/ipc/chromium/src/chrome/common/ipc_channel_win.cc, line 332
[Child 91553502759740	Marionette	INFO	Stopped listening on port 54200
[GPU 1500, Chrome_ChildThread] WARNI
###!!! [Child][RunMessage] Error: Channel closing: too late to send/recv, messages will be lost


###!!! [Child][MessageChannel::SendAndWait] Error: Channel error: cannot send/recv

