2019-05-23 16:51:15,068 - 一个简单的例子 - DEBUG - debug message
2019-05-23 16:51:15,068 - 一个简单的例子 - INFO - info message
2019-05-23 16:51:15,068 - 一个简单的例子 - WARNING - warn message
2019-05-23 16:51:15,068 - 一个简单的例子 - ERROR - error message
2019-05-23 16:51:15,068 - 一个简单的例子 - CRITICAL - critical message
2019-05-23 16:51:35,631 - 一个简单的例子 - DEBUG - debug message
2019-05-23 16:51:35,631 - 一个简单的例子 - INFO - info message
2019-05-23 16:51:35,631 - 一个简单的例子 - WARNING - warn message
2019-05-23 16:51:35,631 - 一个简单的例子 - ERROR - error message
2019-05-23 16:51:35,631 - 一个简单的例子 - CRITICAL - critical message
2019-05-23 16:51:38,685 - 一个简单的例子 - DEBUG - debug message
2019-05-23 16:51:38,685 - 一个简单的例子 - INFO - info message
2019-05-23 16:51:38,685 - 一个简单的例子 - WARNING - warn message
2019-05-23 16:51:38,685 - 一个简单的例子 - ERROR - error message
2019-05-23 16:51:38,685 - 一个简单的例子 - CRITICAL - critical message
2019-05-23 16:52:00,342 - 一个简单的例子 - DEBUG - debug message
2019-05-23 16:52:00,342 - 一个简单的例子 - INFO - info message
2019-05-23 16:52:00,342 - 一个简单的例子 - WARNING - warn message
2019-05-23 16:52:00,342 - 一个简单的例子 - ERROR - error message
2019-05-23 16:52:00,342 - 一个简单的例子 - CRITICAL - critical message
